<?xml version="1.0" encoding="UTF-8"?>
<testng-results skipped="0" failed="0" total="2" passed="2">
  <reporter-output>
  </reporter-output>
  <suite name="Default suite" duration-ms="10999" started-at="2015-01-25T22:23:34Z" finished-at="2015-01-25T22:23:45Z">
    <groups>
    </groups>
    <test name="Default test" duration-ms="10999" started-at="2015-01-25T22:23:34Z" finished-at="2015-01-25T22:23:45Z">
      <class name="Alena.Testt">
        <test-method status="PASS" signature="init()[pri:0, instance:Alena.Testt@50163f64]" name="init" is-config="true" duration-ms="6986" started-at="2015-01-25T19:23:34Z" finished-at="2015-01-25T19:23:41Z">
          <reporter-output>
          </reporter-output>
        </test-method> <!-- init -->
        <test-method status="PASS" signature="testUntitled()[pri:0, instance:Alena.Testt@50163f64]" name="testUntitled" duration-ms="2964" started-at="2015-01-25T19:23:41Z" finished-at="2015-01-25T19:23:44Z">
          <reporter-output>
          </reporter-output>
        </test-method> <!-- testUntitled -->
        <test-method status="PASS" signature="testUntitled2()[pri:0, instance:Alena.Testt@50163f64]" name="testUntitled2" duration-ms="1032" started-at="2015-01-25T19:23:44Z" finished-at="2015-01-25T19:23:45Z">
          <reporter-output>
          </reporter-output>
        </test-method> <!-- testUntitled2 -->
        <test-method status="PASS" signature="tearDown()[pri:0, instance:Alena.Testt@50163f64]" name="tearDown" is-config="true" duration-ms="241" started-at="2015-01-25T19:23:45Z" finished-at="2015-01-25T19:23:45Z">
          <reporter-output>
          </reporter-output>
        </test-method> <!-- tearDown -->
      </class> <!-- Alena.Testt -->
    </test> <!-- Default test -->
  </suite> <!-- Default suite -->
</testng-results>
