<?xml version="1.0" encoding="UTF-8"?>
<testng-results skipped="1" failed="0" total="1" passed="0">
  <reporter-output>
  </reporter-output>
  <suite name="Default suite" duration-ms="70615" started-at="2015-01-25T19:54:26Z" finished-at="2015-01-25T19:55:37Z">
    <groups>
    </groups>
    <test name="Default test" duration-ms="70615" started-at="2015-01-25T19:54:26Z" finished-at="2015-01-25T19:55:37Z">
      <class name="Alena.Testt">
        <test-method status="FAIL" signature="init()[pri:0, instance:Alena.Testt@24f454e4]" name="init" is-config="true" duration-ms="0" started-at="2015-01-25T16:54:26Z" finished-at="2015-01-25T16:54:26Z">
          <exception class="org.openqa.selenium.WebDriverException">
            <message>
              <![CDATA[Failed to connect to binary FirefoxBinary(C:\Program Files (x86)\Mozilla Firefox\firefox.exe) on port 7055; process output follows: 
4	DeferredSave.extensions.json	DEBUG	Starting timer
1422215691361	DeferredSave.extensions.json	DEBUG	Starting write
1422215691369	addons.manager	DEBUG	shutdown
1422215691369	addons.manager	DEBUG	Calling shutdown blocker for XPIProvider
1422215691369	addons.xpi	DEBUG	shutdown
1422215691369	addons.xpi-utils	DEBUG	shutdown
1422215691370	addons.manager	DEBUG	Calling shutdown blocker for LightweightThemeManager
1422215691371	addons.manager	DEBUG	Calling shutdown blocker for OpenH264Provider
1422215691372	addons.manager	DEBUG	Calling shutdown blocker for PluginProvider
1422215691823	DeferredSave.extensions.json	DEBUG	Write succeeded
1422215691823	addons.xpi-utils	DEBUG	XPI Database saved, setting schema version preference to 16
1422215691823	addons.xpi	DEBUG	Notifying XPI shutdown observers
1422215691827	addons.manager	DEBUG	Async provider shutdown done
1422215692425	addons.manager	DEBUG	Loaded provider scope for resource://gre/modules/addons/XPIProvider.jsm: ["XPIProvider"]
1422215692427	addons.manager	DEBUG	Loaded provider scope for resource://gre/modules/LightweightThemeManager.jsm: ["LightweightThemeManager"]
1422215692430	addons.xpi	DEBUG	startup
1422215692432	addons.xpi	INFO	Mapping fxdriver@googlecode.com to C:\Users\Elen\AppData\Local\Temp\anonymous1896715474783169543webdriver-profile\extensions\fxdriver@googlecode.com
1422215692432	addons.xpi	DEBUG	Ignoring file entry whose name is not a valid add-on ID: C:\Users\Elen\AppData\Local\Temp\anonymous1896715474783169543webdriver-profile\extensions\webdriver-staging
1422215692433	addons.xpi	INFO	Mapping {972ce4c6-7e08-4474-a285-3208198ce6fd} to C:\Program Files (x86)\Mozilla Firefox\browser\extensions\{972ce4c6-7e08-4474-a285-3208198ce6fd}
1422215692434	addons.xpi	DEBUG	Skipping unavailable install location app-system-share
1422215692434	addons.xpi	DEBUG	Skipping unavailable install location app-system-local
1422215692434	addons.xpi	INFO	Mapping fiddlerhook@fiddler2.com to C:\Program Files (x86)\Fiddler2\FiddlerHook
1422215692435	addons.xpi	DEBUG	checkForChanges
1422215692436	addons.xpi	DEBUG	Loaded add-on state from prefs: {"app-profile":{"fxdriver@googlecode.com":{"d":"C:\\Users\\Elen\\AppData\\Local\\Temp\\anonymous1896715474783169543webdriver-profile\\extensions\\fxdriver@googlecode.com","e":false,"v":"2.40.0","st":1422215688949,"mt":1422215688923}},"app-global":{"{972ce4c6-7e08-4474-a285-3208198ce6fd}":{"d":"C:\\Program Files (x86)\\Mozilla Firefox\\browser\\extensions\\{972ce4c6-7e08-4474-a285-3208198ce6fd}","e":true,"v":"35.0","st":1422211814363,"mt":1420784370000}},"winreg-app-global":{"fiddlerhook@fiddler2.com":{"d":"C:\\Program Files (x86)\\Fiddler2\\FiddlerHook","e":false,"v":"2.4.8.3","st":1413838655355,"mt":1406724252000}}}
1422215692437	addons.xpi	DEBUG	getModTime: Recursive scan of {972ce4c6-7e08-4474-a285-3208198ce6fd}
1422215692439	addons.xpi	DEBUG	getInstallState changed: false, state: {"app-profile":{"fxdriver@googlecode.com":{"d":"C:\\Users\\Elen\\AppData\\Local\\Temp\\anonymous1896715474783169543webdriver-profile\\extensions\\fxdriver@googlecode.com","e":false,"v":"2.40.0","st":1422215688949,"mt":1422215688923}},"app-global":{"{972ce4c6-7e08-4474-a285-3208198ce6fd}":{"d":"C:\\Program Files (x86)\\Mozilla Firefox\\browser\\extensions\\{972ce4c6-7e08-4474-a285-3208198ce6fd}","e":true,"v":"35.0","st":1422211814363,"mt":1420784370000}},"winreg-app-global":{"fiddlerhook@fiddler2.com":{"d":"C:\\Program Files (x86)\\Fiddler2\\FiddlerHook","e":false,"v":"2.4.8.3","st":1413838655355,"mt":1406724252000}}}
1422215692441	addons.xpi	DEBUG	No changes found
1422215692446	addons.manager	DEBUG	Registering shutdown blocker for XPIProvider
1422215692446	addons.manager	DEBUG	Registering shutdown blocker for LightweightThemeManager
1422215692448	addons.manager	DEBUG	Registering shutdown blocker for OpenH264Provider
1422215692448	addons.manager	DEBUG	Registering shutdown blocker for PluginProvider
*** Blocklist::_preloadBlocklistFile: blocklist is disabled
1422215693882	addons.manager	DEBUG	Registering shutdown blocker for <unnamed-provider>

Build info: version: '2.40.0', revision: '4c5c0568b004f67810ee41c459549aa4b09c651e', time: '2014-02-19 11:13:01'
System info: host: 'Lenok', ip: '192.168.1.2', os.name: 'Windows 8', os.arch: 'amd64', os.version: '6.2', java.version: '1.7.0_21'
Driver info: driver.version: FirefoxDriver]]>
            </message>
            <full-stacktrace>
              <![CDATA[org.openqa.selenium.WebDriverException: Failed to connect to binary FirefoxBinary(C:\Program Files (x86)\Mozilla Firefox\firefox.exe) on port 7055; process output follows: 
4	DeferredSave.extensions.json	DEBUG	Starting timer
1422215691361	DeferredSave.extensions.json	DEBUG	Starting write
1422215691369	addons.manager	DEBUG	shutdown
1422215691369	addons.manager	DEBUG	Calling shutdown blocker for XPIProvider
1422215691369	addons.xpi	DEBUG	shutdown
1422215691369	addons.xpi-utils	DEBUG	shutdown
1422215691370	addons.manager	DEBUG	Calling shutdown blocker for LightweightThemeManager
1422215691371	addons.manager	DEBUG	Calling shutdown blocker for OpenH264Provider
1422215691372	addons.manager	DEBUG	Calling shutdown blocker for PluginProvider
1422215691823	DeferredSave.extensions.json	DEBUG	Write succeeded
1422215691823	addons.xpi-utils	DEBUG	XPI Database saved, setting schema version preference to 16
1422215691823	addons.xpi	DEBUG	Notifying XPI shutdown observers
1422215691827	addons.manager	DEBUG	Async provider shutdown done
1422215692425	addons.manager	DEBUG	Loaded provider scope for resource://gre/modules/addons/XPIProvider.jsm: ["XPIProvider"]
1422215692427	addons.manager	DEBUG	Loaded provider scope for resource://gre/modules/LightweightThemeManager.jsm: ["LightweightThemeManager"]
1422215692430	addons.xpi	DEBUG	startup
1422215692432	addons.xpi	INFO	Mapping fxdriver@googlecode.com to C:\Users\Elen\AppData\Local\Temp\anonymous1896715474783169543webdriver-profile\extensions\fxdriver@googlecode.com
1422215692432	addons.xpi	DEBUG	Ignoring file entry whose name is not a valid add-on ID: C:\Users\Elen\AppData\Local\Temp\anonymous1896715474783169543webdriver-profile\extensions\webdriver-staging
1422215692433	addons.xpi	INFO	Mapping {972ce4c6-7e08-4474-a285-3208198ce6fd} to C:\Program Files (x86)\Mozilla Firefox\browser\extensions\{972ce4c6-7e08-4474-a285-3208198ce6fd}
1422215692434	addons.xpi	DEBUG	Skipping unavailable install location app-system-share
1422215692434	addons.xpi	DEBUG	Skipping unavailable install location app-system-local
1422215692434	addons.xpi	INFO	Mapping fiddlerhook@fiddler2.com to C:\Program Files (x86)\Fiddler2\FiddlerHook
1422215692435	addons.xpi	DEBUG	checkForChanges
1422215692436	addons.xpi	DEBUG	Loaded add-on state from prefs: {"app-profile":{"fxdriver@googlecode.com":{"d":"C:\\Users\\Elen\\AppData\\Local\\Temp\\anonymous1896715474783169543webdriver-profile\\extensions\\fxdriver@googlecode.com","e":false,"v":"2.40.0","st":1422215688949,"mt":1422215688923}},"app-global":{"{972ce4c6-7e08-4474-a285-3208198ce6fd}":{"d":"C:\\Program Files (x86)\\Mozilla Firefox\\browser\\extensions\\{972ce4c6-7e08-4474-a285-3208198ce6fd}","e":true,"v":"35.0","st":1422211814363,"mt":1420784370000}},"winreg-app-global":{"fiddlerhook@fiddler2.com":{"d":"C:\\Program Files (x86)\\Fiddler2\\FiddlerHook","e":false,"v":"2.4.8.3","st":1413838655355,"mt":1406724252000}}}
1422215692437	addons.xpi	DEBUG	getModTime: Recursive scan of {972ce4c6-7e08-4474-a285-3208198ce6fd}
1422215692439	addons.xpi	DEBUG	getInstallState changed: false, state: {"app-profile":{"fxdriver@googlecode.com":{"d":"C:\\Users\\Elen\\AppData\\Local\\Temp\\anonymous1896715474783169543webdriver-profile\\extensions\\fxdriver@googlecode.com","e":false,"v":"2.40.0","st":1422215688949,"mt":1422215688923}},"app-global":{"{972ce4c6-7e08-4474-a285-3208198ce6fd}":{"d":"C:\\Program Files (x86)\\Mozilla Firefox\\browser\\extensions\\{972ce4c6-7e08-4474-a285-3208198ce6fd}","e":true,"v":"35.0","st":1422211814363,"mt":1420784370000}},"winreg-app-global":{"fiddlerhook@fiddler2.com":{"d":"C:\\Program Files (x86)\\Fiddler2\\FiddlerHook","e":false,"v":"2.4.8.3","st":1413838655355,"mt":1406724252000}}}
1422215692441	addons.xpi	DEBUG	No changes found
1422215692446	addons.manager	DEBUG	Registering shutdown blocker for XPIProvider
1422215692446	addons.manager	DEBUG	Registering shutdown blocker for LightweightThemeManager
1422215692448	addons.manager	DEBUG	Registering shutdown blocker for OpenH264Provider
1422215692448	addons.manager	DEBUG	Registering shutdown blocker for PluginProvider
*** Blocklist::_preloadBlocklistFile: blocklist is disabled
1422215693882	addons.manager	DEBUG	Registering shutdown blocker for <unnamed-provider>

Build info: version: '2.40.0', revision: '4c5c0568b004f67810ee41c459549aa4b09c651e', time: '2014-02-19 11:13:01'
System info: host: 'Lenok', ip: '192.168.1.2', os.name: 'Windows 8', os.arch: 'amd64', os.version: '6.2', java.version: '1.7.0_21'
Driver info: driver.version: FirefoxDriver
	at org.openqa.selenium.firefox.internal.NewProfileExtensionConnection.start(NewProfileExtensionConnection.java:130)
	at org.openqa.selenium.firefox.FirefoxDriver.startClient(FirefoxDriver.java:247)
	at org.openqa.selenium.remote.RemoteWebDriver.<init>(RemoteWebDriver.java:112)
	at org.openqa.selenium.firefox.FirefoxDriver.<init>(FirefoxDriver.java:192)
	at org.openqa.selenium.firefox.FirefoxDriver.<init>(FirefoxDriver.java:187)
	at org.openqa.selenium.firefox.FirefoxDriver.<init>(FirefoxDriver.java:183)
	at org.openqa.selenium.firefox.FirefoxDriver.<init>(FirefoxDriver.java:100)
	at Alena.webdriver.WebDriverFactory.getInstance(WebDriverFactory.java:167)
	at Alena.webdriver.WebDriverFactory.getInstance(WebDriverFactory.java:78)
	at Alena.pages.TestBase.init(TestBase.java:53)
	at sun.reflect.NativeMethodAccessorImpl.invoke0(Native Method)
	at sun.reflect.NativeMethodAccessorImpl.invoke(Unknown Source)
	at sun.reflect.DelegatingMethodAccessorImpl.invoke(Unknown Source)
	at java.lang.reflect.Method.invoke(Unknown Source)
	at org.testng.internal.MethodInvocationHelper.invokeMethod(MethodInvocationHelper.java:84)
	at org.testng.internal.Invoker.invokeConfigurationMethod(Invoker.java:564)
	at org.testng.internal.Invoker.invokeConfigurations(Invoker.java:213)
	at org.testng.internal.Invoker.invokeConfigurations(Invoker.java:138)
	at org.testng.internal.TestMethodWorker.invokeBeforeClassMethods(TestMethodWorker.java:175)
	at org.testng.internal.TestMethodWorker.run(TestMethodWorker.java:107)
	at org.testng.TestRunner.privateRun(TestRunner.java:767)
	at org.testng.TestRunner.run(TestRunner.java:617)
	at org.testng.SuiteRunner.runTest(SuiteRunner.java:334)
	at org.testng.SuiteRunner.runSequentially(SuiteRunner.java:329)
	at org.testng.SuiteRunner.privateRun(SuiteRunner.java:291)
	at org.testng.SuiteRunner.run(SuiteRunner.java:240)
	at org.testng.SuiteRunnerWorker.runSuite(SuiteRunnerWorker.java:52)
	at org.testng.SuiteRunnerWorker.run(SuiteRunnerWorker.java:86)
	at org.testng.TestNG.runSuitesSequentially(TestNG.java:1224)
	at org.testng.TestNG.runSuitesLocally(TestNG.java:1149)
	at org.testng.TestNG.run(TestNG.java:1057)
	at org.testng.remote.RemoteTestNG.run(RemoteTestNG.java:111)
	at org.testng.remote.RemoteTestNG.initAndRun(RemoteTestNG.java:204)
	at org.testng.remote.RemoteTestNG.main(RemoteTestNG.java:175)
Caused by: org.openqa.selenium.firefox.NotConnectedException: Unable to connect to host 127.0.0.1 on port 7055 after 45000 ms. Firefox console output:
4	DeferredSave.extensions.json	DEBUG	Starting timer
1422215691361	DeferredSave.extensions.json	DEBUG	Starting write
1422215691369	addons.manager	DEBUG	shutdown
1422215691369	addons.manager	DEBUG	Calling shutdown blocker for XPIProvider
1422215691369	addons.xpi	DEBUG	shutdown
1422215691369	addons.xpi-utils	DEBUG	shutdown
1422215691370	addons.manager	DEBUG	Calling shutdown blocker for LightweightThemeManager
1422215691371	addons.manager	DEBUG	Calling shutdown blocker for OpenH264Provider
1422215691372	addons.manager	DEBUG	Calling shutdown blocker for PluginProvider
1422215691823	DeferredSave.extensions.json	DEBUG	Write succeeded
1422215691823	addons.xpi-utils	DEBUG	XPI Database saved, setting schema version preference to 16
1422215691823	addons.xpi	DEBUG	Notifying XPI shutdown observers
1422215691827	addons.manager	DEBUG	Async provider shutdown done
1422215692425	addons.manager	DEBUG	Loaded provider scope for resource://gre/modules/addons/XPIProvider.jsm: ["XPIProvider"]
1422215692427	addons.manager	DEBUG	Loaded provider scope for resource://gre/modules/LightweightThemeManager.jsm: ["LightweightThemeManager"]
1422215692430	addons.xpi	DEBUG	startup
1422215692432	addons.xpi	INFO	Mapping fxdriver@googlecode.com to C:\Users\Elen\AppData\Local\Temp\anonymous1896715474783169543webdriver-profile\extensions\fxdriver@googlecode.com
1422215692432	addons.xpi	DEBUG	Ignoring file entry whose name is not a valid add-on ID: C:\Users\Elen\AppData\Local\Temp\anonymous1896715474783169543webdriver-profile\extensions\webdriver-staging
1422215692433	addons.xpi	INFO	Mapping {972ce4c6-7e08-4474-a285-3208198ce6fd} to C:\Program Files (x86)\Mozilla Firefox\browser\extensions\{972ce4c6-7e08-4474-a285-3208198ce6fd}
1422215692434	addons.xpi	DEBUG	Skipping unavailable install location app-system-share
1422215692434	addons.xpi	DEBUG	Skipping unavailable install location app-system-local
1422215692434	addons.xpi	INFO	Mapping fiddlerhook@fiddler2.com to C:\Program Files (x86)\Fiddler2\FiddlerHook
1422215692435	addons.xpi	DEBUG	checkForChanges
1422215692436	addons.xpi	DEBUG	Loaded add-on state from prefs: {"app-profile":{"fxdriver@googlecode.com":{"d":"C:\\Users\\Elen\\AppData\\Local\\Temp\\anonymous1896715474783169543webdriver-profile\\extensions\\fxdriver@googlecode.com","e":false,"v":"2.40.0","st":1422215688949,"mt":1422215688923}},"app-global":{"{972ce4c6-7e08-4474-a285-3208198ce6fd}":{"d":"C:\\Program Files (x86)\\Mozilla Firefox\\browser\\extensions\\{972ce4c6-7e08-4474-a285-3208198ce6fd}","e":true,"v":"35.0","st":1422211814363,"mt":1420784370000}},"winreg-app-global":{"fiddlerhook@fiddler2.com":{"d":"C:\\Program Files (x86)\\Fiddler2\\FiddlerHook","e":false,"v":"2.4.8.3","st":1413838655355,"mt":1406724252000}}}
1422215692437	addons.xpi	DEBUG	getModTime: Recursive scan of {972ce4c6-7e08-4474-a285-3208198ce6fd}
1422215692439	addons.xpi	DEBUG	getInstallState changed: false, state: {"app-profile":{"fxdriver@googlecode.com":{"d":"C:\\Users\\Elen\\AppData\\Local\\Temp\\anonymous1896715474783169543webdriver-profile\\extensions\\fxdriver@googlecode.com","e":false,"v":"2.40.0","st":1422215688949,"mt":1422215688923}},"app-global":{"{972ce4c6-7e08-4474-a285-3208198ce6fd}":{"d":"C:\\Program Files (x86)\\Mozilla Firefox\\browser\\extensions\\{972ce4c6-7e08-4474-a285-3208198ce6fd}","e":true,"v":"35.0","st":1422211814363,"mt":1420784370000}},"winreg-app-global":{"fiddlerhook@fiddler2.com":{"d":"C:\\Program Files (x86)\\Fiddler2\\FiddlerHook","e":false,"v":"2.4.8.3","st":1413838655355,"mt":1406724252000}}}
1422215692441	addons.xpi	DEBUG	No changes found
1422215692446	addons.manager	DEBUG	Registering shutdown blocker for XPIProvider
1422215692446	addons.manager	DEBUG	Registering shutdown blocker for LightweightThemeManager
1422215692448	addons.manager	DEBUG	Registering shutdown blocker for OpenH264Provider
1422215692448	addons.manager	DEBUG	Registering shutdown blocker for PluginProvider
*** Blocklist::_preloadBlocklistFile: blocklist is disabled
1422215693882	addons.manager	DEBUG	Registering shutdown blocker for <unnamed-provider>

	at org.openqa.selenium.firefox.internal.NewProfileExtensionConnection.start(NewProfileExtensionConnection.java:118)
	... 33 more
]]>
            </full-stacktrace>
          </exception> <!-- org.openqa.selenium.WebDriverException -->
          <reporter-output>
          </reporter-output>
        </test-method> <!-- init -->
        <test-method status="SKIP" signature="testUntitled()[pri:0, instance:Alena.Testt@24f454e4]" name="testUntitled" duration-ms="2" started-at="2015-01-25T16:55:37Z" finished-at="2015-01-25T16:55:37Z">
          <reporter-output>
          </reporter-output>
        </test-method> <!-- testUntitled -->
        <test-method status="PASS" signature="tearDown()[pri:0, instance:Alena.Testt@24f454e4]" name="tearDown" is-config="true" duration-ms="1" started-at="2015-01-25T16:55:37Z" finished-at="2015-01-25T16:55:37Z">
          <reporter-output>
          </reporter-output>
        </test-method> <!-- tearDown -->
      </class> <!-- Alena.Testt -->
    </test> <!-- Default test -->
  </suite> <!-- Default suite -->
</testng-results>
